# Logfile created on 2014-03-11 14:52:52 -0400 by logger.rb/41954
I, [2014-03-11T14:52:52.031017 #7606]  INFO -- : 0:  RedCloth (4.2.9) from /Users/justinraines/.rvm/gems/ruby-2.0.0-p353@jekyll/specifications/RedCloth-4.2.9.gemspec
I, [2014-03-11T14:52:52.031674 #7606]  INFO -- : 0:  fast-stemmer (1.0.2) from /Users/justinraines/.rvm/gems/ruby-2.0.0-p353@jekyll/specifications/fast-stemmer-1.0.2.gemspec
I, [2014-03-11T14:52:52.610625 #7606]  INFO -- : 0:  classifier (1.3.3) from /Users/justinraines/.rvm/gems/ruby-2.0.0-p353@jekyll/specifications/classifier-1.3.3.gemspec
I, [2014-03-11T14:52:52.611058 #7606]  INFO -- : 0:  colorator (0.1) from /Users/justinraines/.rvm/gems/ruby-2.0.0-p353@jekyll/specifications/colorator-0.1.gemspec
I, [2014-03-11T14:52:54.226262 #7606]  INFO -- : 0:  highline (1.6.20) from /Users/justinraines/.rvm/gems/ruby-2.0.0-p353@jekyll/specifications/highline-1.6.20.gemspec
I, [2014-03-11T14:52:55.314414 #7606]  INFO -- : 0:  commander (4.1.5) from /Users/justinraines/.rvm/gems/ruby-2.0.0-p353@jekyll/specifications/commander-4.1.5.gemspec
I, [2014-03-11T14:52:55.315102 #7606]  INFO -- : 0:  ffi (1.9.3) from /Users/justinraines/.rvm/gems/ruby-2.0.0-p353@jekyll/specifications/ffi-1.9.3.gemspec
I, [2014-03-11T14:52:56.366368 #7606]  INFO -- : 0:  liquid (2.5.3) from /Users/justinraines/.rvm/gems/ruby-2.0.0-p353@jekyll/specifications/liquid-2.5.3.gemspec
I, [2014-03-11T14:52:56.997275 #7606]  INFO -- : 0:  rb-fsevent (0.9.3) from /Users/justinraines/.rvm/gems/ruby-2.0.0-p353@jekyll/specifications/rb-fsevent-0.9.3.gemspec
I, [2014-03-11T14:52:57.576434 #7606]  INFO -- : 0:  rb-inotify (0.9.2) from /Users/justinraines/.rvm/gems/ruby-2.0.0-p353@jekyll/specifications/rb-inotify-0.9.2.gemspec
I, [2014-03-11T14:52:58.177832 #7606]  INFO -- : 0:  rb-kqueue (0.2.0) from /Users/justinraines/.rvm/gems/ruby-2.0.0-p353@jekyll/specifications/rb-kqueue-0.2.0.gemspec
I, [2014-03-11T14:52:58.178442 #7606]  INFO -- : 0:  listen (1.3.1) from /Users/justinraines/.rvm/gems/ruby-2.0.0-p353@jekyll/specifications/listen-1.3.1.gemspec
I, [2014-03-11T14:52:58.758691 #7606]  INFO -- : 0:  syntax (1.0.0) from /Users/justinraines/.rvm/gems/ruby-2.0.0-p353@jekyll/specifications/syntax-1.0.0.gemspec
I, [2014-03-11T14:52:59.483243 #7606]  INFO -- : 0:  maruku (0.6.1) from /Users/justinraines/.rvm/gems/ruby-2.0.0-p353@jekyll/specifications/maruku-0.6.1.gemspec
I, [2014-03-11T14:53:00.533531 #7606]  INFO -- : 0:  posix-spawn (0.3.6) from /Users/justinraines/.rvm/gems/ruby-2.0.0-p353@jekyll/specifications/posix-spawn-0.3.6.gemspec
I, [2014-03-11T14:53:00.534179 #7606]  INFO -- : 0:  yajl-ruby (1.1.0) from /Users/justinraines/.rvm/gems/ruby-2.0.0-p353@jekyll/specifications/yajl-ruby-1.1.0.gemspec
I, [2014-03-11T14:53:00.534568 #7606]  INFO -- : 0:  pygments.rb (0.5.4) from /Users/justinraines/.rvm/gems/ruby-2.0.0-p353@jekyll/specifications/pygments.rb-0.5.4.gemspec
I, [2014-03-11T14:53:00.534939 #7606]  INFO -- : 0:  redcarpet (2.3.0) from /Users/justinraines/.rvm/gems/ruby-2.0.0-p353@jekyll/specifications/redcarpet-2.3.0.gemspec
I, [2014-03-11T14:53:00.535331 #7606]  INFO -- : 0:  safe_yaml (0.9.7) from /Users/justinraines/.rvm/gems/ruby-2.0.0-p353@jekyll/specifications/safe_yaml-0.9.7.gemspec
I, [2014-03-11T14:53:01.436274 #7606]  INFO -- : 0:  jekyll (1.3.0) from /Users/justinraines/.rvm/gems/ruby-2.0.0-p353@jekyll/specifications/jekyll-1.3.0.gemspec
I, [2014-03-11T14:53:03.153970 #7606]  INFO -- : 0:  kramdown (1.2.0) from /Users/justinraines/.rvm/gems/ruby-2.0.0-p353@jekyll/specifications/kramdown-1.2.0.gemspec
I, [2014-03-11T14:53:07.277278 #7606]  INFO -- : 0:  rdiscount (2.1.7) from /Users/justinraines/.rvm/gems/ruby-2.0.0-p353@jekyll/specifications/rdiscount-2.1.7.gemspec
I, [2014-03-11T14:53:08.016436 #7606]  INFO -- : 0:  github-pages (9) from /Users/justinraines/.rvm/gems/ruby-2.0.0-p353@jekyll/specifications/github-pages-9.gemspec
I, [2014-03-11T14:53:08.820740 #7606]  INFO -- : 0:  jekyll-categories (0.0.2) from /Users/justinraines/.rvm/gems/ruby-2.0.0-p353@jekyll/specifications/jekyll-categories-0.0.2.gemspec
I, [2014-03-11T14:53:08.821361 #7606]  INFO -- : 0:  bundler (1.5.1) from /Users/justinraines/.rvm/gems/ruby-2.0.0-p353@global/specifications/bundler-1.5.1.gemspec
